Name                                            Stmts   Miss  Cover   Missing
-----------------------------------------------------------------------------
elasticity_only/__init__.py                         2      0   100%
elasticity_only/audit.py                           39      0   100%
elasticity_only/calibration.py                     67     10    85%   34, 38-40, 47, 50, 70, 74-76
elasticity_only/core.py                           141     44    69%   24, 30-31, 33, 40, 43, 45, 47, 53, 55, 68, 80, 89, 108-116, 122, 126, 130-135, 138-150, 163
elasticity_only/ensemble.py                        58      4    93%   35-37, 45
elasticity_only/inspection.py                      32     12    62%   11-21, 26
elasticity_only/metrics.py                        122     53    57%   18, 28, 72-89, 92-106, 109-113, 123-135, 138
elasticity_only/multiclass.py                      38      0   100%
elasticity_only/optuna_spaces.py                   47     20    57%   14, 29-37, 40-45, 54, 62, 65-66, 69
elasticity_only/pairwise.py                       184     48    74%   20-24, 42, 55-60, 76, 87, 110, 115-121, 136, 139-140, 163-170, 176, 178, 188, 191-192, 203-209, 212-213, 216-217
elasticity_only/pipeline.py                        62      5    92%   40, 44, 50, 58, 65
elasticity_only/policy.py                          78     15    81%   26-29, 38, 54-63
elasticity_only/preprocessing.py                   45      3    93%   25, 28, 33
elasticity_only/scalar.py                         222     61    73%   15-20, 26, 28, 46, 57, 70-73, 97, 105-112, 137, 163-171, 186, 188, 198, 215-225, 235-248, 251
elasticity_only/schema.py                         135     34    75%   32, 58, 67, 69, 71, 78-79, 81, 84, 87-88, 94-95, 101-103, 106, 109, 111, 114, 117, 119, 126, 128, 132-136, 143, 146-147, 150, 153
elasticity_only/splits.py                          69     25    64%   19, 23, 38, 44, 46, 56-75
elasticity_only/tuning.py                          83     34    59%   20-23, 59, 67-68, 75, 83-109
elasticity_only/wrappers.py                        39     14    64%   21, 31-32, 35-43, 46, 49
tests/conftest.py                                   3      0   100%
tests/test_audit_preprocessing_inspection.py       38      0   100%
tests/test_boosting_smoke.py                       11      0   100%
tests/test_calibration_ensemble_multiclass.py      33      0   100%
tests/test_core.py                                  9      0   100%
tests/test_metrics_policy.py                       20      0   100%
tests/test_offset_intercept.py                     13      0   100%
tests/test_optuna.py                                6      0   100%
tests/test_pairwise.py                              5      0   100%
tests/test_pipeline_tuning.py                      34      0   100%
tests/test_scalar.py                               11      0   100%
tests/test_schema_splits.py                         7      0   100%
-----------------------------------------------------------------------------
TOTAL                                            1653    382    77%
